d:\pd3d\projects\breast cancer [w. ucsf]\software\febio\plugin\surfaceconstraint_febioplugin\surfaceconstraint_febioplugin\x64\release\surfaceconstraint_febioplugin.pch
d:\pd3d\projects\breast cancer [w. ucsf]\software\febio\plugin\surfaceconstraint_febioplugin\surfaceconstraint_febioplugin\x64\release\vc140.pdb
d:\pd3d\projects\breast cancer [w. ucsf]\software\febio\plugin\surfaceconstraint_febioplugin\surfaceconstraint_febioplugin\x64\release\stdafx.obj
d:\pd3d\projects\breast cancer [w. ucsf]\software\febio\plugin\surfaceconstraint_febioplugin\surfaceconstraint_febioplugin\x64\release\dllmain.obj
d:\pd3d\projects\breast cancer [w. ucsf]\software\febio\plugin\surfaceconstraint_febioplugin\surfaceconstraint_febioplugin\x64\release\feconstrainplugin.obj
d:\pd3d\projects\breast cancer [w. ucsf]\software\febio\plugin\surfaceconstraint_febioplugin\surfaceconstraint_febioplugin\x64\release\fenormalconstraint.obj
d:\dropbox\work\pd3d\projects\fenormalconstraint\surfaceconstraint_febioplugin\x64\release\surfaceconstraint_febioplugin.pch
d:\dropbox\work\pd3d\projects\fenormalconstraint\surfaceconstraint_febioplugin\x64\release\vc140.pdb
d:\dropbox\work\pd3d\projects\fenormalconstraint\surfaceconstraint_febioplugin\x64\release\stdafx.obj
d:\dropbox\work\pd3d\projects\fenormalconstraint\surfaceconstraint_febioplugin\x64\release\dllmain.obj
d:\dropbox\work\pd3d\projects\fenormalconstraint\surfaceconstraint_febioplugin\x64\release\fenormalconstraint.obj
d:\dropbox\work\pd3d\projects\fenormalconstraint\surfaceconstraint_febioplugin\x64\release\feconstrainplugin.obj
d:\pd3d\projects\breast cancer [w. ucsf]\software\febio\plugin\surfaceconstraint_febioplugin\x64\release\surfaceconstraint_febioplugin.dll
d:\pd3d\projects\breast cancer [w. ucsf]\software\febio\plugin\surfaceconstraint_febioplugin\x64\release\surfaceconstraint_febioplugin.ipdb
d:\pd3d\projects\breast cancer [w. ucsf]\software\febio\plugin\surfaceconstraint_febioplugin\x64\release\surfaceconstraint_febioplugin.iobj
d:\pd3d\projects\breast cancer [w. ucsf]\software\febio\plugin\surfaceconstraint_febioplugin\x64\release\surfaceconstraint_febioplugin.pdb
d:\dropbox\work\pd3d\projects\fenormalconstraint\x64\release\surfaceconstraint_febioplugin.dll
d:\dropbox\work\pd3d\projects\fenormalconstraint\x64\release\surfaceconstraint_febioplugin.ipdb
d:\dropbox\work\pd3d\projects\fenormalconstraint\x64\release\surfaceconstraint_febioplugin.iobj
d:\dropbox\work\pd3d\projects\fenormalconstraint\x64\release\surfaceconstraint_febioplugin.pdb
d:\pd3d\projects\breast cancer [w. ucsf]\software\febio\plugin\surfaceconstraint_febioplugin\x64\release\surfaceconstraint_febioplugin.lib
d:\pd3d\projects\breast cancer [w. ucsf]\software\febio\plugin\surfaceconstraint_febioplugin\x64\release\surfaceconstraint_febioplugin.exp
d:\dropbox\work\pd3d\projects\fenormalconstraint\x64\release\surfaceconstraint_febioplugin.lib
d:\dropbox\work\pd3d\projects\fenormalconstraint\x64\release\surfaceconstraint_febioplugin.exp
d:\dropbox\work\pd3d\projects\fenormalconstraint\surfaceconstraint_febioplugin\x64\release\surfacec.e006e462.tlog\cl.command.1 (1).tlog
d:\dropbox\work\pd3d\projects\fenormalconstraint\surfaceconstraint_febioplugin\x64\release\surfacec.e006e462.tlog\cl.command.1.tlog
d:\dropbox\work\pd3d\projects\fenormalconstraint\surfaceconstraint_febioplugin\x64\release\surfacec.e006e462.tlog\cl.read.1.tlog
d:\dropbox\work\pd3d\projects\fenormalconstraint\surfaceconstraint_febioplugin\x64\release\surfacec.e006e462.tlog\cl.write.1 (1).tlog
d:\dropbox\work\pd3d\projects\fenormalconstraint\surfaceconstraint_febioplugin\x64\release\surfacec.e006e462.tlog\link-cvtres.read.1.tlog
d:\dropbox\work\pd3d\projects\fenormalconstraint\surfaceconstraint_febioplugin\x64\release\surfacec.e006e462.tlog\link-rc.read.1.tlog
d:\dropbox\work\pd3d\projects\fenormalconstraint\surfaceconstraint_febioplugin\x64\release\surfacec.e006e462.tlog\link.command.1 (1).tlog
d:\dropbox\work\pd3d\projects\fenormalconstraint\surfaceconstraint_febioplugin\x64\release\surfacec.e006e462.tlog\link.command.1.tlog
d:\dropbox\work\pd3d\projects\fenormalconstraint\surfaceconstraint_febioplugin\x64\release\surfacec.e006e462.tlog\link.read.1 (1).tlog
d:\dropbox\work\pd3d\projects\fenormalconstraint\surfaceconstraint_febioplugin\x64\release\surfacec.e006e462.tlog\link.read.1.tlog
d:\dropbox\work\pd3d\projects\fenormalconstraint\surfaceconstraint_febioplugin\x64\release\surfacec.e006e462.tlog\link.write.1.tlog
d:\dropbox\work\pd3d\projects\fenormalconstraint\surfaceconstraint_febioplugin\x64\release\surfacec.e006e462.tlog\surfaceconstraint_febioplugin.write.1u (1).tlog
d:\dropbox\work\pd3d\projects\fenormalconstraint\surfaceconstraint_febioplugin\x64\release\surfacec.e006e462.tlog\surfaceconstraint_febioplugin.write.1u.tlog
